<?xml version="1.0" encoding="UTF-8"?>
<coverage generated="1698413197665" clover="3.2.0">
  <project timestamp="1698413197665" name="All files">
    <metrics statements="41" coveredstatements="39" conditionals="6" coveredconditionals="6" methods="12" coveredmethods="11" elements="59" coveredelements="56" complexity="0" loc="41" ncloc="41" packages="1" files="1" classes="1"/>
    <file name="server.js" path="/Users/lexicobb/Desktop/College/Classes/CSCE/3550/JWKS_Server_Project2/asc0223_3550Project2/server.js">
      <metrics statements="41" coveredstatements="39" conditionals="6" coveredconditionals="6" methods="12" coveredmethods="11"/>
      <line num="12" count="1" type="stmt"/>
      <line num="13" count="1" type="stmt"/>
      <line num="14" count="1" type="stmt"/>
      <line num="16" count="1" type="stmt"/>
      <line num="17" count="1" type="stmt"/>
      <line num="25" count="1" type="stmt"/>
      <line num="26" count="1" type="stmt"/>
      <line num="30" count="1" type="stmt"/>
      <line num="35" count="1" type="stmt"/>
      <line num="44" count="1" type="stmt"/>
      <line num="48" count="1" type="stmt"/>
      <line num="53" count="1" type="stmt"/>
      <line num="62" count="1" type="stmt"/>
      <line num="67" count="1" type="stmt"/>
      <line num="68" count="1" type="stmt"/>
      <line num="69" count="1" type="stmt"/>
      <line num="70" count="1" type="stmt"/>
      <line num="71" count="1" type="stmt"/>
      <line num="74" count="1" type="stmt"/>
      <line num="75" count="3" type="cond" truecount="2" falsecount="0"/>
      <line num="76" count="1" type="stmt"/>
      <line num="78" count="2" type="stmt"/>
      <line num="82" count="1" type="stmt"/>
      <line num="83" count="2" type="cond" truecount="2" falsecount="0"/>
      <line num="84" count="1" type="stmt"/>
      <line num="86" count="1" type="stmt"/>
      <line num="89" count="1" type="stmt"/>
      <line num="90" count="1" type="stmt"/>
      <line num="91" count="0" type="stmt"/>
      <line num="92" count="0" type="stmt"/>
      <line num="95" count="1" type="stmt"/>
      <line num="97" count="2" type="cond" truecount="2" falsecount="0"/>
      <line num="98" count="1" type="stmt"/>
      <line num="100" count="1" type="stmt"/>
      <line num="103" count="1" type="stmt"/>
      <line num="104" count="1" type="stmt"/>
      <line num="105" count="1" type="stmt"/>
      <line num="106" count="1" type="stmt"/>
      <line num="107" count="1" type="stmt"/>
      <line num="108" count="1" type="stmt"/>
      <line num="111" count="1" type="stmt"/>
    </file>
  </project>
</coverage>
