{"/Users/lexicobb/Desktop/College/Classes/CSCE/3550/JWKS_Server_Project3/asc0223_3550Project3/server.js": {"path":"/Users/lexicobb/Desktop/College/Classes/CSCE/3550/JWKS_Server_Project3/asc0223_3550Project3/server.js","statementMap":{"0":{"start":{"line":9,"column":16},"end":{"line":9,"column":34}},"1":{"start":{"line":10,"column":12},"end":{"line":10,"column":35}},"2":{"start":{"line":11,"column":13},"end":{"line":11,"column":33}},"3":{"start":{"line":13,"column":12},"end":{"line":13,"column":21}},"4":{"start":{"line":14,"column":13},"end":{"line":14,"column":17}},"5":{"start":{"line":22,"column":2},"end":{"line":22,"column":80}},"6":{"start":{"line":23,"column":2},"end":{"line":23,"column":87}},"7":{"start":{"line":27,"column":18},"end":{"line":31,"column":3}},"8":{"start":{"line":32,"column":18},"end":{"line":39,"column":3}},"9":{"start":{"line":41,"column":2},"end":{"line":41,"column":58}},"10":{"start":{"line":45,"column":18},"end":{"line":49,"column":3}},"11":{"start":{"line":50,"column":18},"end":{"line":57,"column":3}},"12":{"start":{"line":59,"column":2},"end":{"line":59,"column":72}},"13":{"start":{"line":64,"column":18},"end":{"line":64,"column":46}},"14":{"start":{"line":65,"column":11},"end":{"line":65,"column":66}},"15":{"start":{"line":67,"column":2},"end":{"line":67,"column":122}},"16":{"start":{"line":68,"column":2},"end":{"line":68,"column":113}},"17":{"start":{"line":69,"column":2},"end":{"line":69,"column":120}},"18":{"start":{"line":70,"column":2},"end":{"line":70,"column":237}},"19":{"start":{"line":72,"column":2},"end":{"line":72,"column":228}},"20":{"start":{"line":75,"column":0},"end":{"line":80,"column":3}},"21":{"start":{"line":76,"column":2},"end":{"line":78,"column":3}},"22":{"start":{"line":77,"column":4},"end":{"line":77,"column":54}},"23":{"start":{"line":79,"column":2},"end":{"line":79,"column":9}},"24":{"start":{"line":83,"column":0},"end":{"line":88,"column":3}},"25":{"start":{"line":84,"column":2},"end":{"line":86,"column":3}},"26":{"start":{"line":85,"column":4},"end":{"line":85,"column":54}},"27":{"start":{"line":87,"column":2},"end":{"line":87,"column":9}},"28":{"start":{"line":90,"column":0},"end":{"line":94,"column":3}},"29":{"start":{"line":91,"column":20},"end":{"line":91,"column":57}},"30":{"start":{"line":91,"column":44},"end":{"line":91,"column":56}},"31":{"start":{"line":92,"column":2},"end":{"line":92,"column":52}},"32":{"start":{"line":93,"column":2},"end":{"line":93,"column":57}},"33":{"start":{"line":93,"column":40},"end":{"line":93,"column":52}},"34":{"start":{"line":96,"column":0},"end":{"line":102,"column":3}},"35":{"start":{"line":98,"column":2},"end":{"line":100,"column":3}},"36":{"start":{"line":99,"column":4},"end":{"line":99,"column":34}},"37":{"start":{"line":101,"column":2},"end":{"line":101,"column":18}},"38":{"start":{"line":104,"column":0},"end":{"line":111,"column":3}},"39":{"start":{"line":105,"column":2},"end":{"line":105,"column":17}},"40":{"start":{"line":106,"column":2},"end":{"line":106,"column":22}},"41":{"start":{"line":107,"column":2},"end":{"line":107,"column":6}},"42":{"start":{"line":108,"column":2},"end":{"line":110,"column":5}},"43":{"start":{"line":109,"column":4},"end":{"line":109,"column":62}},"44":{"start":{"line":112,"column":0},"end":{"line":112,"column":21}}},"fnMap":{"0":{"name":"generateKeyPairs","decl":{"start":{"line":21,"column":15},"end":{"line":21,"column":31}},"loc":{"start":{"line":21,"column":34},"end":{"line":24,"column":1}},"line":21},"1":{"name":"generateToken","decl":{"start":{"line":26,"column":9},"end":{"line":26,"column":22}},"loc":{"start":{"line":26,"column":25},"end":{"line":42,"column":1}},"line":26},"2":{"name":"generateExpiredJWT","decl":{"start":{"line":44,"column":9},"end":{"line":44,"column":27}},"loc":{"start":{"line":44,"column":30},"end":{"line":60,"column":1}},"line":44},"3":{"name":"db","decl":{"start":{"line":63,"column":9},"end":{"line":63,"column":11}},"loc":{"start":{"line":63,"column":14},"end":{"line":73,"column":1}},"line":63},"4":{"name":"(anonymous_4)","decl":{"start":{"line":75,"column":17},"end":{"line":75,"column":18}},"loc":{"start":{"line":75,"column":37},"end":{"line":80,"column":1}},"line":75},"5":{"name":"(anonymous_5)","decl":{"start":{"line":83,"column":34},"end":{"line":83,"column":35}},"loc":{"start":{"line":83,"column":54},"end":{"line":88,"column":1}},"line":83},"6":{"name":"(anonymous_6)","decl":{"start":{"line":90,"column":34},"end":{"line":90,"column":35}},"loc":{"start":{"line":90,"column":48},"end":{"line":94,"column":1}},"line":90},"7":{"name":"(anonymous_7)","decl":{"start":{"line":91,"column":37},"end":{"line":91,"column":38}},"loc":{"start":{"line":91,"column":44},"end":{"line":91,"column":56}},"line":91},"8":{"name":"(anonymous_8)","decl":{"start":{"line":93,"column":33},"end":{"line":93,"column":34}},"loc":{"start":{"line":93,"column":40},"end":{"line":93,"column":52}},"line":93},"9":{"name":"(anonymous_9)","decl":{"start":{"line":96,"column":18},"end":{"line":96,"column":19}},"loc":{"start":{"line":96,"column":32},"end":{"line":102,"column":1}},"line":96},"10":{"name":"(anonymous_10)","decl":{"start":{"line":104,"column":24},"end":{"line":104,"column":25}},"loc":{"start":{"line":104,"column":30},"end":{"line":111,"column":1}},"line":104},"11":{"name":"(anonymous_11)","decl":{"start":{"line":108,"column":19},"end":{"line":108,"column":20}},"loc":{"start":{"line":108,"column":25},"end":{"line":110,"column":3}},"line":108}},"branchMap":{"0":{"loc":{"start":{"line":76,"column":2},"end":{"line":78,"column":3}},"type":"if","locations":[{"start":{"line":76,"column":2},"end":{"line":78,"column":3}},{"start":{},"end":{}}],"line":76},"1":{"loc":{"start":{"line":84,"column":2},"end":{"line":86,"column":3}},"type":"if","locations":[{"start":{"line":84,"column":2},"end":{"line":86,"column":3}},{"start":{},"end":{}}],"line":84},"2":{"loc":{"start":{"line":98,"column":2},"end":{"line":100,"column":3}},"type":"if","locations":[{"start":{"line":98,"column":2},"end":{"line":100,"column":3}},{"start":{},"end":{}}],"line":98}},"s":{"0":1,"1":1,"2":1,"3":1,"4":1,"5":1,"6":1,"7":1,"8":1,"9":1,"10":1,"11":1,"12":1,"13":1,"14":1,"15":1,"16":1,"17":1,"18":1,"19":1,"20":1,"21":3,"22":1,"23":2,"24":1,"25":2,"26":1,"27":1,"28":1,"29":1,"30":1,"31":0,"32":0,"33":0,"34":1,"35":2,"36":1,"37":1,"38":1,"39":1,"40":1,"41":1,"42":1,"43":1,"44":1},"f":{"0":1,"1":1,"2":1,"3":1,"4":3,"5":2,"6":1,"7":1,"8":0,"9":2,"10":1,"11":1},"b":{"0":[1,2],"1":[1,1],"2":[1,1]},"_coverageSchema":"1a1c01bbd47fc00a2c39e90264f33305004495a9","hash":"8dedebbafa2c83b915f76ffabf10f629ab6f41b0"}
}
