{"/Users/lexicobb/Desktop/College/Classes/CSCE/3550/JWKS_Server_Project2/asc0223_3550Project2/server.js": {"path":"/Users/lexicobb/Desktop/College/Classes/CSCE/3550/JWKS_Server_Project2/asc0223_3550Project2/server.js","statementMap":{"0":{"start":{"line":12,"column":16},"end":{"line":12,"column":34}},"1":{"start":{"line":13,"column":12},"end":{"line":13,"column":35}},"2":{"start":{"line":14,"column":13},"end":{"line":14,"column":33}},"3":{"start":{"line":16,"column":12},"end":{"line":16,"column":21}},"4":{"start":{"line":17,"column":13},"end":{"line":17,"column":17}},"5":{"start":{"line":25,"column":2},"end":{"line":25,"column":80}},"6":{"start":{"line":26,"column":2},"end":{"line":26,"column":87}},"7":{"start":{"line":30,"column":18},"end":{"line":34,"column":3}},"8":{"start":{"line":35,"column":18},"end":{"line":42,"column":3}},"9":{"start":{"line":44,"column":2},"end":{"line":44,"column":58}},"10":{"start":{"line":48,"column":18},"end":{"line":52,"column":3}},"11":{"start":{"line":53,"column":18},"end":{"line":60,"column":3}},"12":{"start":{"line":62,"column":2},"end":{"line":62,"column":72}},"13":{"start":{"line":67,"column":18},"end":{"line":67,"column":46}},"14":{"start":{"line":68,"column":11},"end":{"line":68,"column":66}},"15":{"start":{"line":69,"column":2},"end":{"line":69,"column":122}},"16":{"start":{"line":70,"column":2},"end":{"line":70,"column":113}},"17":{"start":{"line":71,"column":2},"end":{"line":71,"column":120}},"18":{"start":{"line":74,"column":0},"end":{"line":79,"column":3}},"19":{"start":{"line":75,"column":2},"end":{"line":77,"column":3}},"20":{"start":{"line":76,"column":4},"end":{"line":76,"column":54}},"21":{"start":{"line":78,"column":2},"end":{"line":78,"column":9}},"22":{"start":{"line":82,"column":0},"end":{"line":87,"column":3}},"23":{"start":{"line":83,"column":2},"end":{"line":85,"column":3}},"24":{"start":{"line":84,"column":4},"end":{"line":84,"column":54}},"25":{"start":{"line":86,"column":2},"end":{"line":86,"column":9}},"26":{"start":{"line":89,"column":0},"end":{"line":93,"column":3}},"27":{"start":{"line":90,"column":20},"end":{"line":90,"column":57}},"28":{"start":{"line":90,"column":44},"end":{"line":90,"column":56}},"29":{"start":{"line":91,"column":2},"end":{"line":91,"column":52}},"30":{"start":{"line":92,"column":2},"end":{"line":92,"column":57}},"31":{"start":{"line":92,"column":40},"end":{"line":92,"column":52}},"32":{"start":{"line":95,"column":0},"end":{"line":101,"column":3}},"33":{"start":{"line":97,"column":2},"end":{"line":99,"column":3}},"34":{"start":{"line":98,"column":4},"end":{"line":98,"column":34}},"35":{"start":{"line":100,"column":2},"end":{"line":100,"column":18}},"36":{"start":{"line":103,"column":0},"end":{"line":110,"column":3}},"37":{"start":{"line":104,"column":2},"end":{"line":104,"column":17}},"38":{"start":{"line":105,"column":2},"end":{"line":105,"column":22}},"39":{"start":{"line":106,"column":2},"end":{"line":106,"column":6}},"40":{"start":{"line":107,"column":2},"end":{"line":109,"column":5}},"41":{"start":{"line":108,"column":4},"end":{"line":108,"column":62}},"42":{"start":{"line":111,"column":0},"end":{"line":111,"column":21}}},"fnMap":{"0":{"name":"generateKeyPairs","decl":{"start":{"line":24,"column":15},"end":{"line":24,"column":31}},"loc":{"start":{"line":24,"column":34},"end":{"line":27,"column":1}},"line":24},"1":{"name":"generateToken","decl":{"start":{"line":29,"column":9},"end":{"line":29,"column":22}},"loc":{"start":{"line":29,"column":25},"end":{"line":45,"column":1}},"line":29},"2":{"name":"generateExpiredJWT","decl":{"start":{"line":47,"column":9},"end":{"line":47,"column":27}},"loc":{"start":{"line":47,"column":30},"end":{"line":63,"column":1}},"line":47},"3":{"name":"db","decl":{"start":{"line":66,"column":9},"end":{"line":66,"column":11}},"loc":{"start":{"line":66,"column":14},"end":{"line":72,"column":1}},"line":66},"4":{"name":"(anonymous_4)","decl":{"start":{"line":74,"column":17},"end":{"line":74,"column":18}},"loc":{"start":{"line":74,"column":37},"end":{"line":79,"column":1}},"line":74},"5":{"name":"(anonymous_5)","decl":{"start":{"line":82,"column":34},"end":{"line":82,"column":35}},"loc":{"start":{"line":82,"column":54},"end":{"line":87,"column":1}},"line":82},"6":{"name":"(anonymous_6)","decl":{"start":{"line":89,"column":34},"end":{"line":89,"column":35}},"loc":{"start":{"line":89,"column":48},"end":{"line":93,"column":1}},"line":89},"7":{"name":"(anonymous_7)","decl":{"start":{"line":90,"column":37},"end":{"line":90,"column":38}},"loc":{"start":{"line":90,"column":44},"end":{"line":90,"column":56}},"line":90},"8":{"name":"(anonymous_8)","decl":{"start":{"line":92,"column":33},"end":{"line":92,"column":34}},"loc":{"start":{"line":92,"column":40},"end":{"line":92,"column":52}},"line":92},"9":{"name":"(anonymous_9)","decl":{"start":{"line":95,"column":18},"end":{"line":95,"column":19}},"loc":{"start":{"line":95,"column":32},"end":{"line":101,"column":1}},"line":95},"10":{"name":"(anonymous_10)","decl":{"start":{"line":103,"column":24},"end":{"line":103,"column":25}},"loc":{"start":{"line":103,"column":30},"end":{"line":110,"column":1}},"line":103},"11":{"name":"(anonymous_11)","decl":{"start":{"line":107,"column":19},"end":{"line":107,"column":20}},"loc":{"start":{"line":107,"column":25},"end":{"line":109,"column":3}},"line":107}},"branchMap":{"0":{"loc":{"start":{"line":75,"column":2},"end":{"line":77,"column":3}},"type":"if","locations":[{"start":{"line":75,"column":2},"end":{"line":77,"column":3}},{"start":{},"end":{}}],"line":75},"1":{"loc":{"start":{"line":83,"column":2},"end":{"line":85,"column":3}},"type":"if","locations":[{"start":{"line":83,"column":2},"end":{"line":85,"column":3}},{"start":{},"end":{}}],"line":83},"2":{"loc":{"start":{"line":97,"column":2},"end":{"line":99,"column":3}},"type":"if","locations":[{"start":{"line":97,"column":2},"end":{"line":99,"column":3}},{"start":{},"end":{}}],"line":97}},"s":{"0":1,"1":1,"2":1,"3":1,"4":1,"5":1,"6":1,"7":1,"8":1,"9":1,"10":1,"11":1,"12":1,"13":1,"14":1,"15":1,"16":1,"17":1,"18":1,"19":3,"20":1,"21":2,"22":1,"23":2,"24":1,"25":1,"26":1,"27":1,"28":1,"29":0,"30":0,"31":0,"32":1,"33":2,"34":1,"35":1,"36":1,"37":1,"38":1,"39":1,"40":1,"41":1,"42":1},"f":{"0":1,"1":1,"2":1,"3":1,"4":3,"5":2,"6":1,"7":1,"8":0,"9":2,"10":1,"11":1},"b":{"0":[1,2],"1":[1,1],"2":[1,1]},"_coverageSchema":"1a1c01bbd47fc00a2c39e90264f33305004495a9","hash":"a5c5b7691d7c654bfefbe84caca46fd07736bc63"}
}
