TN:
SF:server.js
FN:24,generateKeyPairs
FN:29,generateToken
FN:47,generateExpiredJWT
FN:66,db
FN:74,(anonymous_4)
FN:82,(anonymous_5)
FN:89,(anonymous_6)
FN:90,(anonymous_7)
FN:92,(anonymous_8)
FN:95,(anonymous_9)
FN:103,(anonymous_10)
FN:107,(anonymous_11)
FNF:12
FNH:11
FNDA:1,generateKeyPairs
FNDA:1,generateToken
FNDA:1,generateExpiredJWT
FNDA:1,db
FNDA:3,(anonymous_4)
FNDA:2,(anonymous_5)
FNDA:1,(anonymous_6)
FNDA:1,(anonymous_7)
FNDA:0,(anonymous_8)
FNDA:2,(anonymous_9)
FNDA:1,(anonymous_10)
FNDA:1,(anonymous_11)
DA:12,1
DA:13,1
DA:14,1
DA:16,1
DA:17,1
DA:25,1
DA:26,1
DA:30,1
DA:35,1
DA:44,1
DA:48,1
DA:53,1
DA:62,1
DA:67,1
DA:68,1
DA:69,1
DA:70,1
DA:71,1
DA:74,1
DA:75,3
DA:76,1
DA:78,2
DA:82,1
DA:83,2
DA:84,1
DA:86,1
DA:89,1
DA:90,1
DA:91,0
DA:92,0
DA:95,1
DA:97,2
DA:98,1
DA:100,1
DA:103,1
DA:104,1
DA:105,1
DA:106,1
DA:107,1
DA:108,1
DA:111,1
LF:41
LH:39
BRDA:75,0,0,1
BRDA:75,0,1,2
BRDA:83,1,0,1
BRDA:83,1,1,1
BRDA:97,2,0,1
BRDA:97,2,1,1
BRF:6
BRH:6
end_of_record
