TN:
SF:server.js
FN:21,generateKeyPairs
FN:26,generateToken
FN:44,generateExpiredJWT
FN:63,db
FN:75,(anonymous_4)
FN:83,(anonymous_5)
FN:90,(anonymous_6)
FN:91,(anonymous_7)
FN:93,(anonymous_8)
FN:96,(anonymous_9)
FN:104,(anonymous_10)
FN:108,(anonymous_11)
FNF:12
FNH:11
FNDA:1,generateKeyPairs
FNDA:1,generateToken
FNDA:1,generateExpiredJWT
FNDA:1,db
FNDA:3,(anonymous_4)
FNDA:2,(anonymous_5)
FNDA:1,(anonymous_6)
FNDA:1,(anonymous_7)
FNDA:0,(anonymous_8)
FNDA:2,(anonymous_9)
FNDA:1,(anonymous_10)
FNDA:1,(anonymous_11)
DA:9,1
DA:10,1
DA:11,1
DA:13,1
DA:14,1
DA:22,1
DA:23,1
DA:27,1
DA:32,1
DA:41,1
DA:45,1
DA:50,1
DA:59,1
DA:64,1
DA:65,1
DA:67,1
DA:68,1
DA:69,1
DA:70,1
DA:72,1
DA:75,1
DA:76,3
DA:77,1
DA:79,2
DA:83,1
DA:84,2
DA:85,1
DA:87,1
DA:90,1
DA:91,1
DA:92,0
DA:93,0
DA:96,1
DA:98,2
DA:99,1
DA:101,1
DA:104,1
DA:105,1
DA:106,1
DA:107,1
DA:108,1
DA:109,1
DA:112,1
LF:43
LH:41
BRDA:76,0,0,1
BRDA:76,0,1,2
BRDA:84,1,0,1
BRDA:84,1,1,1
BRDA:98,2,0,1
BRDA:98,2,1,1
BRF:6
BRH:6
end_of_record
